<?xml version="1.0" encoding="UTF-8"?>
<!-- Generated by org.testng.reporters.JUnitReportReporter -->
<testsuite skipped="0" hostname="LTB0215499-Mac.local" name="tests.GitTrendingTests" tests="5" failures="0" timestamp="2020-07-19T16:47:49 IST" time="24.301" errors="0">
  <testcase name="expandAndStoreThirdItem" time="3.248" classname="tests.GitTrendingTests"/>
  <system-out/>
  <testcase name="collapseThirdItem" time="0.357" classname="tests.GitTrendingTests"/>
  <system-out/>
  <testcase name="verifyElementGotCollapsed" time="8.174" classname="tests.GitTrendingTests"/>
  <system-out/>
  <testcase name="verifyRepoLanguageInPython" time="12.521" classname="tests.GitTrendingTests"/>
  <system-out/>
  <testcase name="printThirdRepoElements" time="0.001" classname="tests.GitTrendingTests"/>
  <system-out/>
</testsuite> <!-- tests.GitTrendingTests -->
